<?xml version="1.0" encoding="UTF-8"?>
<testng-results ignored="0" total="1" passed="1" failed="0" skipped="0">
  <reporter-output>
  </reporter-output>
  <suite started-at="2024-10-02T16:43:28 IST" name="Default suite" finished-at="2024-10-02T16:43:50 IST" duration-ms="21281">
    <groups>
    </groups>
    <test started-at="2024-10-02T16:43:28 IST" name="Default test" finished-at="2024-10-02T16:43:50 IST" duration-ms="21281">
      <class name="appiumBasics.ScrollGesture">
        <test-method is-config="true" signature="AppiumConfigure()[pri:0, instance:appiumBasics.ScrollGesture@45752059]" started-at="2024-10-02T16:43:28 IST" name="AppiumConfigure" finished-at="2024-10-02T16:43:40 IST" duration-ms="11189" status="PASS">
          <reporter-output>
          </reporter-output>
        </test-method> <!-- AppiumConfigure -->
        <test-method signature="scrollGestureActMethod1()[pri:0, instance:appiumBasics.ScrollGesture@45752059]" started-at="2024-10-02T16:43:40 IST" name="scrollGestureActMethod1" finished-at="2024-10-02T16:43:49 IST" duration-ms="8964" status="PASS">
          <reporter-output>
          </reporter-output>
        </test-method> <!-- scrollGestureActMethod1 -->
        <test-method is-config="true" signature="tearDown()[pri:0, instance:appiumBasics.ScrollGesture@45752059]" started-at="2024-10-02T16:43:49 IST" name="tearDown" finished-at="2024-10-02T16:43:50 IST" duration-ms="1021" status="PASS">
          <reporter-output>
          </reporter-output>
        </test-method> <!-- tearDown -->
      </class> <!-- appiumBasics.ScrollGesture -->
    </test> <!-- Default test -->
  </suite> <!-- Default suite -->
</testng-results>
