<?xml version="1.0" encoding="UTF-8"?>
<testng-results ignored="0" total="1" passed="1" failed="0" skipped="0">
  <reporter-output>
  </reporter-output>
  <suite started-at="2024-10-03T16:42:25 IST" name="Default suite" finished-at="2024-10-03T16:42:53 IST" duration-ms="28861">
    <groups>
    </groups>
    <test started-at="2024-10-03T16:42:25 IST" name="Default test" finished-at="2024-10-03T16:42:53 IST" duration-ms="28861">
      <class name="appiumBasics.KeysActionPerforms">
        <test-method is-config="true" signature="AppiumConfigure()[pri:0, instance:appiumBasics.KeysActionPerforms@292b08d6]" started-at="2024-10-03T16:42:25 IST" name="AppiumConfigure" finished-at="2024-10-03T16:42:35 IST" duration-ms="10844" status="PASS">
          <reporter-output>
          </reporter-output>
        </test-method> <!-- AppiumConfigure -->
        <test-method signature="keyActions()[pri:0, instance:appiumBasics.KeysActionPerforms@292b08d6]" started-at="2024-10-03T16:42:35 IST" name="keyActions" finished-at="2024-10-03T16:42:53 IST" duration-ms="17116" status="PASS">
          <reporter-output>
          </reporter-output>
        </test-method> <!-- keyActions -->
        <test-method is-config="true" signature="tearDown()[pri:0, instance:appiumBasics.KeysActionPerforms@292b08d6]" started-at="2024-10-03T16:42:53 IST" name="tearDown" finished-at="2024-10-03T16:42:53 IST" duration-ms="837" status="PASS">
          <reporter-output>
          </reporter-output>
        </test-method> <!-- tearDown -->
      </class> <!-- appiumBasics.KeysActionPerforms -->
    </test> <!-- Default test -->
  </suite> <!-- Default suite -->
</testng-results>
