<?xml version="1.0" encoding="UTF-8"?>
<!-- Generated by org.testng.reporters.JUnitXMLReporter -->
<testsuite ignored="1" hostname="DESKTOP-KQJNQB0" failures="0" tests="1" name="Default test" time="21.281" errors="0" timestamp="2024-10-02T16:43:50 IST">
  <testcase classname="appiumBasics.ScrollGesture" name="scrollGestureActMethod1" time="8.964"/>
  <testcase classname="appiumBasics.ScrollGesture" name="scrollGestureActMethod2" time="0.0">
    <ignored/>
  </testcase> <!-- scrollGestureActMethod2 -->
</testsuite> <!-- Default test -->
